<?xml version="1.0" encoding="UTF-8"?>
<!-- Generated by org.testng.reporters.JUnitReportReporter -->
<testsuite hostname="MuzammilLaptop" failures="0" tests="4" name="basic_cal.addition" time="4.464" errors="0" timestamp="2023-02-12T16:00:14 IST" skipped="0">
  <testcase classname="basic_cal.addition" name="addition_TC_02" time="0.406"/>
  <system-out/>
  <testcase classname="basic_cal.addition" name="addition_TC_01" time="0.513"/>
  <system-out/>
  <testcase classname="basic_cal.addition" name="addition_TC_03" time="0.432"/>
  <system-out/>
  <testcase classname="basic_cal.addition" name="setup" time="3.113"/>
  <system-out/>
</testsuite> <!-- basic_cal.addition -->
