<?xml version="1.0" encoding="UTF-8"?>
<!-- Generated by org.testng.reporters.JUnitReportReporter -->
<testsuite hostname="MuzammilLaptop" failures="0" tests="4" name="basic_cal.addition" time="4.645" errors="0" timestamp="2023-02-05T16:07:53 IST" skipped="0">
  <testcase classname="basic_cal.addition" name="addition_TC_02" time="0.542"/>
  <system-out/>
  <testcase classname="basic_cal.addition" name="addition_TC_03" time="0.609"/>
  <system-out/>
  <testcase classname="basic_cal.addition" name="setup" time="2.675"/>
  <system-out/>
  <testcase classname="basic_cal.addition" name="addition_TC_01" time="0.819"/>
  <system-out/>
</testsuite> <!-- basic_cal.addition -->
