<?xml version="1.0" encoding="UTF-8"?>
<!-- Generated by org.testng.reporters.JUnitReportReporter -->
<testsuite hostname="MuzammilLaptop" failures="0" tests="4" name="basic_cal.modulos" time="2.081" errors="0" timestamp="2023-02-05T16:07:53 IST" skipped="0">
  <testcase classname="basic_cal.modulos" name="setup" time="0.799"/>
  <system-out/>
  <testcase classname="basic_cal.modulos" name="modulos_TC_03" time="0.448"/>
  <system-out/>
  <testcase classname="basic_cal.modulos" name="modulos_TC_02" time="0.362"/>
  <system-out/>
  <testcase classname="basic_cal.modulos" name="modulos_TC_01" time="0.472"/>
  <system-out/>
</testsuite> <!-- basic_cal.modulos -->
