<?xml version="1.0" encoding="UTF-8"?>
<!-- Generated by org.testng.reporters.JUnitReportReporter -->
<testsuite hostname="MuzammilLaptop" failures="0" tests="4" name="basic_cal.subtraction" time="2.954" errors="0" timestamp="2023-02-11T17:58:14 IST" skipped="0">
  <testcase classname="basic_cal.subtraction" name="subtraction_TC_01" time="0.678"/>
  <system-out/>
  <testcase classname="basic_cal.subtraction" name="subtraction_TC_03" time="0.503"/>
  <system-out/>
  <testcase classname="basic_cal.subtraction" name="subtraction_TC_02" time="0.421"/>
  <system-out/>
  <testcase classname="basic_cal.subtraction" name="setup" time="1.352"/>
  <system-out/>
</testsuite> <!-- basic_cal.subtraction -->
