<?xml version="1.0" encoding="UTF-8"?>
<!-- Generated by org.testng.reporters.JUnitReportReporter -->
<testsuite hostname="MuzammilLaptop" failures="0" tests="4" name="basic_cal.division" time="5.677" errors="0" timestamp="2023-02-11T17:58:14 IST" skipped="0">
  <testcase classname="basic_cal.division" name="division_TC_01" time="0.897"/>
  <system-out/>
  <testcase classname="basic_cal.division" name="setup" time="2.424"/>
  <system-out/>
  <testcase classname="basic_cal.division" name="division_TC_03" time="1.025"/>
  <system-out/>
  <testcase classname="basic_cal.division" name="division_TC_02" time="1.331"/>
  <system-out/>
</testsuite> <!-- basic_cal.division -->
