<?xml version="1.0" encoding="UTF-8"?>
<!-- Generated by org.testng.reporters.JUnitReportReporter -->
<testsuite hostname="MuzammilLaptop" failures="0" tests="4" name="basic_cal.multiplication" time="5.081" errors="0" timestamp="2023-02-11T17:58:14 IST" skipped="0">
  <testcase classname="basic_cal.multiplication" name="multiplication_TC_03" time="0.683"/>
  <system-out/>
  <testcase classname="basic_cal.multiplication" name="multiplication_TC_02" time="0.660"/>
  <system-out/>
  <testcase classname="basic_cal.multiplication" name="multiplication_TC_01" time="0.808"/>
  <system-out/>
  <testcase classname="basic_cal.multiplication" name="setup" time="2.930"/>
  <system-out/>
</testsuite> <!-- basic_cal.multiplication -->
