<?xml version="1.0" encoding="UTF-8"?>
<!-- Generated by org.testng.reporters.JUnitReportReporter -->
<testsuite hostname="MuzammilLaptop" failures="0" tests="4" name="basic_cal.modulos" time="2.560" errors="0" timestamp="2023-02-11T17:58:14 IST" skipped="0">
  <testcase classname="basic_cal.modulos" name="modulos_TC_01" time="0.852"/>
  <system-out/>
  <testcase classname="basic_cal.modulos" name="modulos_TC_03" time="0.495"/>
  <system-out/>
  <testcase classname="basic_cal.modulos" name="setup" time="0.841"/>
  <system-out/>
  <testcase classname="basic_cal.modulos" name="modulos_TC_02" time="0.372"/>
  <system-out/>
</testsuite> <!-- basic_cal.modulos -->
