<?xml version="1.0" encoding="UTF-8"?>
<!-- Generated by org.testng.reporters.JUnitReportReporter -->
<testsuite hostname="MuzammilLaptop" failures="0" tests="4" name="basic_cal.multiplication" time="3.886" errors="0" timestamp="2023-02-05T16:07:53 IST" skipped="0">
  <testcase classname="basic_cal.multiplication" name="multiplication_TC_02" time="0.789"/>
  <system-out/>
  <testcase classname="basic_cal.multiplication" name="multiplication_TC_03" time="0.642"/>
  <system-out/>
  <testcase classname="basic_cal.multiplication" name="setup" time="1.662"/>
  <system-out/>
  <testcase classname="basic_cal.multiplication" name="multiplication_TC_01" time="0.793"/>
  <system-out/>
</testsuite> <!-- basic_cal.multiplication -->
