<?xml version="1.0" encoding="UTF-8"?>
<!-- Generated by org.testng.reporters.JUnitReportReporter -->
<testsuite hostname="MuzammilLaptop" failures="0" tests="4" name="basic_cal.subtraction" time="2.634" errors="0" timestamp="2023-02-05T16:07:53 IST" skipped="0">
  <testcase classname="basic_cal.subtraction" name="subtraction_TC_02" time="0.416"/>
  <system-out/>
  <testcase classname="basic_cal.subtraction" name="subtraction_TC_01" time="0.731"/>
  <system-out/>
  <testcase classname="basic_cal.subtraction" name="setup" time="0.981"/>
  <system-out/>
  <testcase classname="basic_cal.subtraction" name="subtraction_TC_03" time="0.506"/>
  <system-out/>
</testsuite> <!-- basic_cal.subtraction -->
